[2025-11-29T14:20:11.070Z] [Fit] SHA caches loaded from storage: {
  "source": "plugin data.json",
  "localShaCount": 64,
  "remoteShaCount": 65,
  "lastCommit": "7c958ae4fba7d4ec4855cabf91dbf3a2bf15f17b"
}
[2025-12-01T17:21:18.811Z] [Fit] SHA caches loaded from storage: {
  "source": "plugin data.json",
  "localShaCount": 64,
  "remoteShaCount": 65,
  "lastCommit": "7c958ae4fba7d4ec4855cabf91dbf3a2bf15f17b"
}
[2025-12-02T16:08:51.275Z] [Fit] SHA caches loaded from storage: {
  "source": "plugin data.json",
  "localShaCount": 64,
  "remoteShaCount": 65,
  "lastCommit": "7c958ae4fba7d4ec4855cabf91dbf3a2bf15f17b"
}
[2025-12-02T16:57:36.027Z] [Plugin] Manual sync requested: {
  "timestamp": "2025-12-02T16:57:36.027Z"
}
[2025-12-02T16:57:36.066Z] [Plugin] Sync initiated: {
  "timestamp": "2025-12-02T16:57:36.066Z",
  "triggerType": "manual"
}
[2025-12-02T16:57:42.165Z] [Plugin] Sync failed: {
  "errorType": "unknown",
  "errorMessage": "RangeError: Invalid array length",
  "errorDetails": {
    "originalError": {}
  },
  "fullMessage": "Sync failed: RangeError: Invalid array length"
}
[2025-12-02T17:10:06.365Z] [Fit] SHA caches loaded from storage: {
  "source": "plugin data.json",
  "localShaCount": 64,
  "remoteShaCount": 65,
  "lastCommit": "7c958ae4fba7d4ec4855cabf91dbf3a2bf15f17b"
}
[2025-12-04T14:25:45.622Z] [Fit] SHA caches loaded from storage: {
  "source": "plugin data.json",
  "localShaCount": 64,
  "remoteShaCount": 65,
  "lastCommit": "7c958ae4fba7d4ec4855cabf91dbf3a2bf15f17b"
}
[2025-12-04T14:41:17.560Z] [Fit] SHA caches loaded from storage: {
  "source": "plugin data.json",
  "localShaCount": 64,
  "remoteShaCount": 65,
  "lastCommit": "7c958ae4fba7d4ec4855cabf91dbf3a2bf15f17b"
}
[2025-12-04T14:56:28.017Z] [Plugin] Manual sync requested: {
  "timestamp": "2025-12-04T14:56:28.016Z"
}
[2025-12-04T14:56:28.049Z] [Plugin] Sync initiated: {
  "timestamp": "2025-12-04T14:56:28.049Z",
  "triggerType": "manual"
}
[2025-12-04T14:56:34.711Z] [Plugin] Sync failed: {
  "errorType": "unknown",
  "errorMessage": "RangeError: Invalid array length",
  "errorDetails": {
    "originalError": {}
  },
  "fullMessage": "Sync failed: RangeError: Invalid array length"
}
[2025-12-04T17:26:24.708Z] [Fit] SHA caches loaded from storage: {
  "source": "plugin data.json",
  "localShaCount": 64,
  "remoteShaCount": 65,
  "lastCommit": "7c958ae4fba7d4ec4855cabf91dbf3a2bf15f17b"
}
[2025-12-08T15:26:42.459Z] [Fit] SHA caches loaded from storage: {
  "source": "plugin data.json",
  "localShaCount": 64,
  "remoteShaCount": 65,
  "lastCommit": "7c958ae4fba7d4ec4855cabf91dbf3a2bf15f17b"
}
